2018-12-31 11:02:20,210      MainThread                 tmidev.py:  65 -                            TMI:                main() INFO  : args: {'verbose': 0, 'show_version': False, 'script': 'public/station/scripts/TMIDemoRecordV1/prod_v0/prod_2.tmiscr'}
2018-12-31 11:02:32,181      MainThread                 tmidev.py:  66 -                            TMI:                main() INFO  : args: {'verbose': 0, 'show_version': False, 'script': 'public/station/scripts/TMIDemoRecordV1/prod_v0/prod_2.tmiscr'}
2018-12-31 11:05:32,454      MainThread                 tmidev.py:  91 -                            TMI:                main() INFO  : args: {'verbose': 0, 'show_version': False, 'script': 'public/station/scripts/TMIDemoRecordV1/prod_v0/prod_2.tmiscr'}
2018-12-31 11:06:30,077      MainThread                 tmidev.py:  89 -                            TMI:                main() INFO  : args: {'script': 'public/station/scripts/TMIDemoRecordV1/prod_v0/prod_2.tmiscr'}
2018-12-31 11:26:38,150      MainThread                 tmidev.py: 107 -                            TMI:                main() INFO  : args: {'script': 'public/station/scripts/TMIDemoRecordV1/prod_v0/prod_0.tmiscr'}
2018-12-31 11:27:08,351      MainThread                 tmidev.py: 107 -                            TMI:                main() INFO  : args: {'script': 'public/station/scripts/TMIDemoRecordV1/prod_v0/prod_0.tmiscr'}
2018-12-31 11:28:13,086      MainThread                 tmidev.py: 107 -                            TMI:                main() INFO  : args: {'script': 'public/station/scripts/TMIDemoRecordV1/prod_v0/prod_0.tmiscr'}
2018-12-31 11:28:32,270      MainThread                 tmidev.py: 108 -                            TMI:                main() INFO  : args: {'script': 'public/station/scripts/TMIDemoRecordV1/prod_v0/prod_0.tmiscr'}
2018-12-31 11:28:32,271      MainThread                 tmidev.py: 100 -                            TMI:    script_validated() INFO  : Script passed validation tests
2018-12-31 11:57:59,467      MainThread                 tmidev.py: 110 -                            TMI:                main() INFO  : args: {'script': 'public/station/scripts/TMIDemoRecordV1/prod_v0/prod_0.tmiscr'}
2018-12-31 11:57:59,468      MainThread                 tmidev.py: 102 -                            TMI:    script_validated() INFO  : Script passed validation tests
2018-12-31 12:03:05,694      MainThread                 tmidev.py: 110 -                            TMI:                main() INFO  : args: {'script': 'public/station/scripts/TMIDemoRecordV1/prod_v0/prod_0.tmiscr'}
2018-12-31 12:03:05,695      MainThread                 tmidev.py: 102 -                            TMI:    script_validated() INFO  : Script passed validation tests
2018-12-31 12:04:09,128      MainThread                 tmidev.py: 110 -                            TMI:                main() INFO  : args: {'script': 'public/station/scripts/TMIDemoRecordV1/prod_v0/prod_0.tmiscr'}
2018-12-31 12:04:09,129      MainThread                 tmidev.py: 102 -                            TMI:    script_validated() INFO  : Script passed validation tests
2018-12-31 12:18:47,096      MainThread                 tmidev.py: 110 -                            TMI:                main() INFO  : args: {'script': 'public/station/scripts/TMIDemoRecordV1/prod_v0/prod_0.tmiscr'}
2018-12-31 12:18:47,097      MainThread                 tmidev.py: 102 -                            TMI:    script_validated() INFO  : Script passed validation tests
2018-12-31 12:18:47,122      MainThread        resultBaseClass.py:  44 -          TMI.ResultBaseClass.0:            __init__() INFO  : DONE
2018-12-31 12:18:47,123      MainThread        TMIDemoRecordV1.py:  37 -          TMI.TMIDemoRecordV1.0:            __init__() INFO  : DONE
2018-12-31 12:24:39,566      MainThread                 tmidev.py: 110 -                            TMI:                main() INFO  : args: {'script': 'public/station/scripts/TMIDemoRecordV1/prod_v0/prod_0.tmiscr'}
2018-12-31 12:24:39,567      MainThread                 tmidev.py: 102 -                            TMI:    script_validated() INFO  : Script passed validation tests
2018-12-31 12:24:39,591      MainThread        resultBaseClass.py:  44 -          TMI.ResultBaseClass.0:            __init__() INFO  : DONE
2018-12-31 12:24:39,592      MainThread        TMIDemoRecordV1.py:  37 -          TMI.TMIDemoRecordV1.0:            __init__() INFO  : DONE
2018-12-31 12:25:08,790      MainThread                 tmidev.py: 110 -                            TMI:                main() INFO  : args: {'script': 'public/station/scripts/TMIDemoRecordV1/prod_v0/prod_0.tmiscr'}
2018-12-31 12:25:08,791      MainThread                 tmidev.py: 102 -                            TMI:    script_validated() INFO  : Script passed validation tests
2018-12-31 12:25:08,815      MainThread        resultBaseClass.py:  44 -          TMI.ResultBaseClass.0:            __init__() INFO  : DONE
2018-12-31 12:25:08,816      MainThread        TMIDemoRecordV1.py:  37 -          TMI.TMIDemoRecordV1.0:            __init__() INFO  : DONE
2018-12-31 12:26:07,312      MainThread                 tmidev.py: 110 -                            TMI:                main() INFO  : args: {'script': 'public/station/scripts/TMIDemoRecordV1/prod_v0/prod_0.tmiscr'}
2018-12-31 12:26:07,312      MainThread                 tmidev.py: 102 -                            TMI:    script_validated() INFO  : Script passed validation tests
2018-12-31 12:26:07,337      MainThread        resultBaseClass.py:  44 -          TMI.ResultBaseClass.0:            __init__() INFO  : DONE
2018-12-31 12:26:07,338      MainThread        TMIDemoRecordV1.py:  37 -          TMI.TMIDemoRecordV1.0:            __init__() INFO  : DONE
2018-12-31 12:30:51,124      MainThread                 tmidev.py: 110 -                            TMI:                main() INFO  : args: {'script': 'public/station/scripts/TMIDemoRecordV1/prod_v0/prod_0.tmiscr'}
2018-12-31 12:30:51,124      MainThread                 tmidev.py: 102 -                            TMI:    script_validated() INFO  : Script passed validation tests
2018-12-31 12:30:51,151      MainThread        resultBaseClass.py:  44 -          TMI.ResultBaseClass.0:            __init__() INFO  : DONE
2018-12-31 12:30:51,151      MainThread        TMIDemoRecordV1.py:  37 -          TMI.TMIDemoRecordV1.0:            __init__() INFO  : DONE
2018-12-31 12:34:27,186      MainThread                 tmidev.py: 110 -                            TMI:                main() INFO  : args: {'script': 'public/station/scripts/TMIDemoRecordV1/prod_v0/prod_0.tmiscr'}
2018-12-31 12:34:27,187      MainThread                 tmidev.py: 102 -                            TMI:    script_validated() INFO  : Script passed validation tests
2018-12-31 12:34:27,212      MainThread        resultBaseClass.py:  44 -          TMI.ResultBaseClass.0:            __init__() INFO  : DONE
2018-12-31 12:34:27,212      MainThread        TMIDemoRecordV1.py:  37 -          TMI.TMIDemoRecordV1.0:            __init__() INFO  : DONE
2018-12-31 12:35:18,880      MainThread                 tmidev.py: 110 -                            TMI:                main() INFO  : args: {'script': 'public/station/scripts/TMIDemoRecordV1/prod_v0/prod_0.tmiscr'}
2018-12-31 12:35:18,881      MainThread                 tmidev.py: 102 -                            TMI:    script_validated() INFO  : Script passed validation tests
2018-12-31 12:35:18,907      MainThread        resultBaseClass.py:  44 -          TMI.ResultBaseClass.0:            __init__() INFO  : DONE
2018-12-31 12:35:18,907      MainThread        TMIDemoRecordV1.py:  37 -          TMI.TMIDemoRecordV1.0:            __init__() INFO  : DONE
2018-12-31 12:35:18,907      MainThread                 tmidev.py: 137 -                            TMI:                main() INFO  : Module: public.station.scripts.TMIDemoRecordV1.prod_v0.tst00xx
2018-12-31 12:36:24,374      MainThread                 tmidev.py: 110 -                            TMI:                main() INFO  : args: {'script': 'public/station/scripts/TMIDemoRecordV1/prod_v0/prod_0.tmiscr'}
2018-12-31 12:36:24,375      MainThread                 tmidev.py: 102 -                            TMI:    script_validated() INFO  : Script passed validation tests
2018-12-31 12:36:24,401      MainThread        resultBaseClass.py:  44 -          TMI.ResultBaseClass.0:            __init__() INFO  : DONE
2018-12-31 12:36:24,401      MainThread        TMIDemoRecordV1.py:  37 -          TMI.TMIDemoRecordV1.0:            __init__() INFO  : DONE
2018-12-31 12:36:24,401      MainThread                 tmidev.py: 137 -                            TMI:                main() INFO  : Module: public.station.scripts.TMIDemoRecordV1.prod_v0.tst00xx
2018-12-31 12:36:24,408      MainThread                 tmidev.py: 140 -                            TMI:                main() INFO  : class: tst00xx
2018-12-31 12:37:07,878      MainThread                 tmidev.py: 110 -                            TMI:                main() INFO  : args: {'script': 'public/station/scripts/TMIDemoRecordV1/prod_v0/prod_0.tmiscr'}
2018-12-31 12:37:07,878      MainThread                 tmidev.py: 102 -                            TMI:    script_validated() INFO  : Script passed validation tests
2018-12-31 12:37:07,904      MainThread        resultBaseClass.py:  44 -          TMI.ResultBaseClass.0:            __init__() INFO  : DONE
2018-12-31 12:37:07,904      MainThread        TMIDemoRecordV1.py:  37 -          TMI.TMIDemoRecordV1.0:            __init__() INFO  : DONE
2018-12-31 12:37:07,904      MainThread                 tmidev.py: 137 -                            TMI:                main() INFO  : Module: public.station.scripts.TMIDemoRecordV1.prod_v0.tst00xx
2018-12-31 12:37:07,911      MainThread                 tmidev.py: 140 -                            TMI:                main() INFO  : class: tst00xx
2018-12-31 12:41:14,950      MainThread                 tmidev.py: 116 -                            TMI:                main() INFO  : args: {'script': 'public/station/scripts/TMIDemoRecordV1/prod_v0/prod_0.tmiscr'}
2018-12-31 12:41:14,951      MainThread                 tmidev.py: 108 -                            TMI:    script_validated() INFO  : Script passed validation tests
2018-12-31 12:41:14,975      MainThread        resultBaseClass.py:  44 -          TMI.ResultBaseClass.0:            __init__() INFO  : DONE
2018-12-31 12:41:14,976      MainThread        TMIDemoRecordV1.py:  37 -          TMI.TMIDemoRecordV1.0:            __init__() INFO  : DONE
2018-12-31 12:41:14,976      MainThread                 tmidev.py: 143 -                            TMI:                main() INFO  : Module: public.station.scripts.TMIDemoRecordV1.prod_v0.tst00xx
2018-12-31 12:41:14,983      MainThread                 tmidev.py: 146 -                            TMI:                main() INFO  : class: tst00xx
2018-12-31 12:42:39,375      MainThread                 tmidev.py: 116 -                            TMI:                main() INFO  : args: {'script': 'public/station/scripts/TMIDemoRecordV1/prod_v0/prod_0.tmiscr'}
2018-12-31 12:42:39,376      MainThread                 tmidev.py: 108 -                            TMI:    script_validated() INFO  : Script passed validation tests
2018-12-31 12:42:39,402      MainThread        resultBaseClass.py:  44 -          TMI.ResultBaseClass.0:            __init__() INFO  : DONE
2018-12-31 12:42:39,402      MainThread        TMIDemoRecordV1.py:  37 -          TMI.TMIDemoRecordV1.0:            __init__() INFO  : DONE
2018-12-31 12:42:39,402      MainThread                 tmidev.py: 143 -                            TMI:                main() INFO  : Module: public.station.scripts.TMIDemoRecordV1.prod_v0.tst00xx
2018-12-31 12:42:39,409      MainThread                 tmidev.py: 146 -                            TMI:                main() INFO  : class: tst00xx
2018-12-31 12:43:07,500      MainThread                 tmidev.py: 116 -                            TMI:                main() INFO  : args: {'script': 'public/station/scripts/TMIDemoRecordV1/prod_v0/prod_0.tmiscr'}
2018-12-31 12:43:07,501      MainThread                 tmidev.py: 108 -                            TMI:    script_validated() INFO  : Script passed validation tests
2018-12-31 12:43:07,526      MainThread        resultBaseClass.py:  44 -          TMI.ResultBaseClass.0:            __init__() INFO  : DONE
2018-12-31 12:43:07,526      MainThread        TMIDemoRecordV1.py:  37 -          TMI.TMIDemoRecordV1.0:            __init__() INFO  : DONE
2018-12-31 12:43:07,526      MainThread                 tmidev.py: 143 -                            TMI:                main() INFO  : Module: public.station.scripts.TMIDemoRecordV1.prod_v0.tst00xx
2018-12-31 12:43:07,533      MainThread                 tmidev.py: 146 -                            TMI:                main() INFO  : class: tst00xx
2018-12-31 12:44:25,831      MainThread                 tmidev.py: 116 -                            TMI:                main() INFO  : args: {'script': 'public/station/scripts/TMIDemoRecordV1/prod_v0/prod_0.tmiscr'}
2018-12-31 12:44:25,832      MainThread                 tmidev.py: 108 -                            TMI:    script_validated() INFO  : Script passed validation tests
2018-12-31 12:44:25,858      MainThread        resultBaseClass.py:  44 -          TMI.ResultBaseClass.0:            __init__() INFO  : DONE
2018-12-31 12:44:25,858      MainThread        TMIDemoRecordV1.py:  37 -          TMI.TMIDemoRecordV1.0:            __init__() INFO  : DONE
2018-12-31 12:44:25,858      MainThread                 tmidev.py: 145 -                            TMI:                main() INFO  : Module: public.station.scripts.TMIDemoRecordV1.prod_v0.tst00xx
2018-12-31 12:44:25,865      MainThread                 tmidev.py: 148 -                            TMI:                main() INFO  : class: tst00xx
2018-12-31 12:49:16,911      MainThread                 tmidev.py: 116 -                            TMI:                main() INFO  : args: {'script': 'public/station/scripts/TMIDemoRecordV1/prod_v0/prod_0.tmiscr'}
2018-12-31 12:49:16,912      MainThread                 tmidev.py: 108 -                            TMI:    script_validated() INFO  : Script passed validation tests
2018-12-31 12:49:16,936      MainThread        resultBaseClass.py:  44 -          TMI.ResultBaseClass.0:            __init__() INFO  : DONE
2018-12-31 12:49:16,937      MainThread        TMIDemoRecordV1.py:  37 -          TMI.TMIDemoRecordV1.0:            __init__() INFO  : DONE
2018-12-31 12:50:02,550      MainThread                 tmidev.py: 116 -                            TMI:                main() INFO  : args: {'script': 'public/station/scripts/TMIDemoRecordV1/prod_v0/prod_0.tmiscr'}
2018-12-31 12:50:02,551      MainThread                 tmidev.py: 108 -                            TMI:    script_validated() INFO  : Script passed validation tests
2018-12-31 12:50:02,578      MainThread        resultBaseClass.py:  44 -          TMI.ResultBaseClass.0:            __init__() INFO  : DONE
2018-12-31 12:50:02,578      MainThread        TMIDemoRecordV1.py:  37 -          TMI.TMIDemoRecordV1.0:            __init__() INFO  : DONE
2018-12-31 12:50:12,094      MainThread                 tmidev.py: 116 -                            TMI:                main() INFO  : args: {'script': 'public/station/scripts/TMIDemoRecordV1/prod_v0/prod_0.tmiscr'}
2018-12-31 12:50:12,095      MainThread                 tmidev.py: 108 -                            TMI:    script_validated() INFO  : Script passed validation tests
2018-12-31 12:50:12,124      MainThread        resultBaseClass.py:  44 -          TMI.ResultBaseClass.0:            __init__() INFO  : DONE
2018-12-31 12:50:12,124      MainThread        TMIDemoRecordV1.py:  37 -          TMI.TMIDemoRecordV1.0:            __init__() INFO  : DONE
2018-12-31 12:50:12,124      MainThread                 tmidev.py: 145 -                            TMI:                main() INFO  : Module: public.station.scripts.TMIDemoRecordV1.prod_v0.tst00xx
2018-12-31 12:50:12,131      MainThread                 tmidev.py: 148 -                            TMI:                main() INFO  : class: tst00xx
2018-12-31 12:51:07,482      MainThread                 tmidev.py: 120 -                            TMI:                main() INFO  : args: {'script': 'public/station/scripts/TMIDemoRecordV1/prod_v0/prod_0.tmiscr'}
2018-12-31 12:51:07,483      MainThread                 tmidev.py: 112 -                            TMI:    script_validated() INFO  : Script passed validation tests
2018-12-31 12:51:07,517      MainThread        resultBaseClass.py:  44 -          TMI.ResultBaseClass.0:            __init__() INFO  : DONE
2018-12-31 12:51:07,517      MainThread        TMIDemoRecordV1.py:  37 -          TMI.TMIDemoRecordV1.0:            __init__() INFO  : DONE
2018-12-31 12:51:17,761      MainThread                 tmidev.py: 120 -                            TMI:                main() INFO  : args: {'script': 'public/station/scripts/TMIDemoRecordV1/prod_v0/prod_0.tmiscr'}
2018-12-31 12:51:17,762      MainThread                 tmidev.py: 112 -                            TMI:    script_validated() INFO  : Script passed validation tests
2018-12-31 12:51:17,787      MainThread        resultBaseClass.py:  44 -          TMI.ResultBaseClass.0:            __init__() INFO  : DONE
2018-12-31 12:51:17,787      MainThread        TMIDemoRecordV1.py:  37 -          TMI.TMIDemoRecordV1.0:            __init__() INFO  : DONE
2018-12-31 12:51:17,787      MainThread                 tmidev.py: 149 -                            TMI:                main() INFO  : Module: public.station.scripts.TMIDemoRecordV1.prod_v0.tst00xx
2018-12-31 12:51:17,794      MainThread                 tmidev.py: 152 -                            TMI:                main() INFO  : class: tst00xx
2018-12-31 12:53:51,299      MainThread                 tmidev.py: 124 -                            TMI:                main() INFO  : args: {'script': 'public/station/scripts/TMIDemoRecordV1/prod_v0/prod_0.tmiscr'}
2018-12-31 12:53:51,299      MainThread                 tmidev.py: 116 -                            TMI:    script_validated() INFO  : Script passed validation tests
2018-12-31 12:53:51,325      MainThread        resultBaseClass.py:  44 -          TMI.ResultBaseClass.0:            __init__() INFO  : DONE
2018-12-31 12:53:51,325      MainThread        TMIDemoRecordV1.py:  37 -          TMI.TMIDemoRecordV1.0:            __init__() INFO  : DONE
2018-12-31 12:53:51,325      MainThread                 tmidev.py: 153 -                            TMI:                main() INFO  : Module: public.station.scripts.TMIDemoRecordV1.prod_v0.tst00xx
2018-12-31 12:53:51,332      MainThread                 tmidev.py: 156 -                            TMI:                main() INFO  : class: tst00xx
2018-12-31 13:00:21,879      MainThread                 tmidev.py: 124 -                            TMI:                main() INFO  : args: {'script': 'public/station/scripts/TMIDemoRecordV1/prod_v0/prod_0.tmiscr'}
2018-12-31 13:00:21,880      MainThread                 tmidev.py: 116 -                            TMI:    script_validated() INFO  : Script passed validation tests
2018-12-31 13:00:21,909      MainThread        resultBaseClass.py:  44 -          TMI.ResultBaseClass.0:            __init__() INFO  : DONE
2018-12-31 13:00:21,909      MainThread        TMIDemoRecordV1.py:  37 -          TMI.TMIDemoRecordV1.0:            __init__() INFO  : DONE
2018-12-31 13:00:21,909      MainThread                 tmidev.py: 153 -                            TMI:                main() INFO  : Module: public.station.scripts.TMIDemoRecordV1.prod_v0.tst00xx
2018-12-31 13:00:21,916      MainThread                 tmidev.py: 156 -                            TMI:                main() INFO  : class: tst00xx
2018-12-31 13:01:32,568      MainThread                 tmidev.py: 124 -                            TMI:                main() INFO  : args: {'script': 'public/station/scripts/TMIDemoRecordV1/prod_v0/prod_0.tmiscr'}
2018-12-31 13:01:32,569      MainThread                 tmidev.py: 116 -                            TMI:    script_validated() INFO  : Script passed validation tests
2018-12-31 13:01:32,594      MainThread        resultBaseClass.py:  44 -          TMI.ResultBaseClass.0:            __init__() INFO  : DONE
2018-12-31 13:01:32,594      MainThread        TMIDemoRecordV1.py:  37 -          TMI.TMIDemoRecordV1.0:            __init__() INFO  : DONE
2018-12-31 13:01:32,594      MainThread                 tmidev.py: 153 -                            TMI:                main() INFO  : Module: public.station.scripts.TMIDemoRecordV1.prod_v0.tst00xx
2018-12-31 13:01:32,601      MainThread                 tmidev.py: 156 -                            TMI:                main() INFO  : class: tst00xx
2018-12-31 13:02:06,160      MainThread                 tmidev.py: 124 -                            TMI:                main() INFO  : args: {'script': 'public/station/scripts/TMIDemoRecordV1/prod_v0/prod_0.tmiscr'}
2018-12-31 13:02:06,161      MainThread                 tmidev.py: 116 -                            TMI:    script_validated() INFO  : Script passed validation tests
2018-12-31 13:02:06,186      MainThread        resultBaseClass.py:  44 -          TMI.ResultBaseClass.0:            __init__() INFO  : DONE
2018-12-31 13:02:06,186      MainThread        TMIDemoRecordV1.py:  37 -          TMI.TMIDemoRecordV1.0:            __init__() INFO  : DONE
2018-12-31 13:02:06,186      MainThread                 tmidev.py: 153 -                            TMI:                main() INFO  : Module: public.station.scripts.TMIDemoRecordV1.prod_v0.tst00xx
2018-12-31 13:02:06,192      MainThread                 tmidev.py: 156 -                            TMI:                main() INFO  : class: tst00xx
2018-12-31 13:02:25,807      MainThread                 tmidev.py: 124 -                            TMI:                main() INFO  : args: {'script': 'public/station/scripts/TMIDemoRecordV1/prod_v0/prod_0.tmiscr'}
2018-12-31 13:02:25,807      MainThread                 tmidev.py: 116 -                            TMI:    script_validated() INFO  : Script passed validation tests
2018-12-31 13:02:25,832      MainThread        resultBaseClass.py:  44 -          TMI.ResultBaseClass.0:            __init__() INFO  : DONE
2018-12-31 13:02:25,833      MainThread        TMIDemoRecordV1.py:  37 -          TMI.TMIDemoRecordV1.0:            __init__() INFO  : DONE
2018-12-31 13:02:25,833      MainThread                 tmidev.py: 153 -                            TMI:                main() INFO  : Module: public.station.scripts.TMIDemoRecordV1.prod_v0.tst00xx
2018-12-31 13:02:25,839      MainThread                 tmidev.py: 156 -                            TMI:                main() INFO  : class: tst00xx
2018-12-31 13:02:35,178      MainThread                 tmidev.py: 124 -                            TMI:                main() INFO  : args: {'script': 'public/station/scripts/TMIDemoRecordV1/prod_v0/prod_0.tmiscr'}
2018-12-31 13:02:35,178      MainThread                 tmidev.py: 116 -                            TMI:    script_validated() INFO  : Script passed validation tests
2018-12-31 13:02:35,203      MainThread        resultBaseClass.py:  44 -          TMI.ResultBaseClass.0:            __init__() INFO  : DONE
2018-12-31 13:02:35,203      MainThread        TMIDemoRecordV1.py:  37 -          TMI.TMIDemoRecordV1.0:            __init__() INFO  : DONE
2018-12-31 13:02:35,203      MainThread                 tmidev.py: 153 -                            TMI:                main() INFO  : Module: public.station.scripts.TMIDemoRecordV1.prod_v0.tst00xx
2018-12-31 13:02:35,210      MainThread                 tmidev.py: 156 -                            TMI:                main() INFO  : class: tst00xx
2018-12-31 13:02:47,381      MainThread                 tmidev.py: 124 -                            TMI:                main() INFO  : args: {'script': 'public/station/scripts/TMIDemoRecordV1/prod_v0/prod_0.tmiscr'}
2018-12-31 13:02:47,382      MainThread                 tmidev.py: 116 -                            TMI:    script_validated() INFO  : Script passed validation tests
2018-12-31 13:02:47,414      MainThread        resultBaseClass.py:  44 -          TMI.ResultBaseClass.0:            __init__() INFO  : DONE
2018-12-31 13:02:47,414      MainThread        TMIDemoRecordV1.py:  37 -          TMI.TMIDemoRecordV1.0:            __init__() INFO  : DONE
2018-12-31 13:02:47,414      MainThread                 tmidev.py: 153 -                            TMI:                main() INFO  : Module: public.station.scripts.TMIDemoRecordV1.prod_v0.tst00xx
2018-12-31 13:02:47,421      MainThread                 tmidev.py: 156 -                            TMI:                main() INFO  : class: tst00xx
2018-12-31 13:08:39,526      MainThread                 tmidev.py: 124 -                            TMI:                main() INFO  : args: {'script': 'public/station/scripts/TMIDemoRecordV1/prod_v0/prod_0.tmiscr'}
2018-12-31 13:08:39,527      MainThread                 tmidev.py: 116 -                            TMI:    script_validated() INFO  : Script passed validation tests
2018-12-31 13:08:39,554      MainThread        resultBaseClass.py:  44 -          TMI.ResultBaseClass.0:            __init__() INFO  : DONE
2018-12-31 13:08:39,555      MainThread        TMIDemoRecordV1.py:  37 -          TMI.TMIDemoRecordV1.0:            __init__() INFO  : DONE
2018-12-31 13:08:39,555      MainThread                 tmidev.py: 153 -                            TMI:                main() INFO  : Module: public.station.scripts.TMIDemoRecordV1.prod_v0.tst00xx
2018-12-31 13:08:39,583      MainThread                 tmidev.py: 156 -                            TMI:                main() INFO  : class: tst00xx
2018-12-31 13:09:47,228      MainThread                 tmidev.py: 124 -                            TMI:                main() INFO  : args: {'script': 'public/station/scripts/TMIDemoRecordV1/prod_v0/prod_0.tmiscr'}
2018-12-31 13:09:47,228      MainThread                 tmidev.py: 116 -                            TMI:    script_validated() INFO  : Script passed validation tests
2018-12-31 13:09:47,255      MainThread        resultBaseClass.py:  44 -          TMI.ResultBaseClass.0:            __init__() INFO  : DONE
2018-12-31 13:09:47,255      MainThread        TMIDemoRecordV1.py:  37 -          TMI.TMIDemoRecordV1.0:            __init__() INFO  : DONE
2018-12-31 13:09:47,255      MainThread                 tmidev.py: 153 -                            TMI:                main() INFO  : Module: public.station.scripts.TMIDemoRecordV1.prod_v0.tst00xx
2018-12-31 13:09:47,277      MainThread                 tmidev.py: 156 -                            TMI:                main() INFO  : class: tst00xx
2018-12-31 13:09:47,278      MainThread          tmi_test_item.py:  18 -                 TMI.TestItem.0:            __init__() INFO  : DONE
2018-12-31 13:10:37,156      MainThread                 tmidev.py: 111 -                            TMI:                main() INFO  : args: {'script': 'public/station/scripts/TMIDemoRecordV1/prod_v0/prod_0.tmiscr'}
2018-12-31 13:10:37,157      MainThread                 tmidev.py: 103 -                            TMI:    script_validated() INFO  : Script passed validation tests
2018-12-31 13:10:37,183      MainThread        resultBaseClass.py:  44 -          TMI.ResultBaseClass.0:            __init__() INFO  : DONE
2018-12-31 13:10:37,183      MainThread        TMIDemoRecordV1.py:  37 -          TMI.TMIDemoRecordV1.0:            __init__() INFO  : DONE
2018-12-31 13:10:45,698      MainThread                 tmidev.py: 111 -                            TMI:                main() INFO  : args: {'script': 'public/station/scripts/TMIDemoRecordV1/prod_v0/prod_0.tmiscr'}
2018-12-31 13:10:45,699      MainThread                 tmidev.py: 103 -                            TMI:    script_validated() INFO  : Script passed validation tests
2018-12-31 13:10:45,726      MainThread        resultBaseClass.py:  44 -          TMI.ResultBaseClass.0:            __init__() INFO  : DONE
2018-12-31 13:10:45,726      MainThread        TMIDemoRecordV1.py:  37 -          TMI.TMIDemoRecordV1.0:            __init__() INFO  : DONE
2018-12-31 13:10:45,726      MainThread                 tmidev.py: 138 -                            TMI:                main() INFO  : Module: public.station.scripts.TMIDemoRecordV1.prod_v0.tst00xx
2018-12-31 13:10:45,732      MainThread                 tmidev.py: 141 -                            TMI:                main() INFO  : class: tst00xx
2018-12-31 13:10:45,733      MainThread          tmi_test_item.py:  18 -                 TMI.TestItem.0:            __init__() INFO  : DONE
2018-12-31 13:20:54,097      MainThread                 tmidev.py: 146 -                            TMI:                main() INFO  : args: {'script': 'public/station/scripts/TMIDemoRecordV1/prod_v0/prod_0.tmiscr'}
2018-12-31 13:20:54,098      MainThread                 tmidev.py: 138 -                            TMI:    script_validated() INFO  : Script passed validation tests
2018-12-31 13:21:19,705      MainThread                 tmidev.py: 146 -                            TMI:                main() INFO  : args: {'script': 'public/station/scripts/TMIDemoRecordV1/prod_v0/prod_0.tmiscr'}
2018-12-31 13:21:19,706      MainThread                 tmidev.py: 138 -                            TMI:    script_validated() INFO  : Script passed validation tests
2018-12-31 13:22:32,454      MainThread                 tmidev.py: 146 -                            TMI:                main() INFO  : args: {'script': 'public/station/scripts/TMIDemoRecordV1/prod_v0/prod_0.tmiscr'}
2018-12-31 13:22:32,454      MainThread                 tmidev.py: 138 -                            TMI:    script_validated() INFO  : Script passed validation tests
2018-12-31 13:23:08,972      MainThread                 tmidev.py: 146 -                            TMI:                main() INFO  : args: {'script': 'public/station/scripts/TMIDemoRecordV1/prod_v0/prod_0.tmiscr'}
2018-12-31 13:23:08,973      MainThread                 tmidev.py: 138 -                            TMI:    script_validated() INFO  : Script passed validation tests
2018-12-31 13:24:27,241      MainThread                 tmidev.py: 146 -                            TMI:                main() INFO  : args: {'script': 'public/station/scripts/TMIDemoRecordV1/prod_v0/prod_0.tmiscr'}
2018-12-31 13:24:27,242      MainThread                 tmidev.py: 138 -                            TMI:    script_validated() INFO  : Script passed validation tests
2018-12-31 13:24:27,267      MainThread        resultBaseClass.py:  44 -          TMI.ResultBaseClass.0:            __init__() INFO  : DONE
2018-12-31 13:24:27,267      MainThread        TMIDemoRecordV1.py:  37 -          TMI.TMIDemoRecordV1.0:            __init__() INFO  : DONE
2018-12-31 13:24:27,268      MainThread                 tmidev.py:  38 -                            TMI:                 run() INFO  : Module: public.station.scripts.TMIDemoRecordV1.prod_v0.tst00xx
2018-12-31 13:29:04,482      MainThread                 tmidev.py: 226 -                            TMI:                main() INFO  : args: {'script': 'public/station/scripts/TMIDemoRecordV1/prod_v0/prod_0.tmiscr'}
2018-12-31 13:29:04,482      MainThread                 tmidev.py: 218 -                            TMI:    script_validated() INFO  : Script passed validation tests
2018-12-31 13:29:04,509      MainThread        resultBaseClass.py:  44 -          TMI.ResultBaseClass.0:            __init__() INFO  : DONE
2018-12-31 13:29:04,509      MainThread        TMIDemoRecordV1.py:  37 -          TMI.TMIDemoRecordV1.0:            __init__() INFO  : DONE
2018-12-31 13:29:04,509      MainThread                 tmidev.py: 117 -                            TMI:                 run() INFO  : Module: public.station.scripts.TMIDemoRecordV1.prod_v0.tst00xx
2018-12-31 13:29:04,532      MainThread                 tmidev.py: 120 -                            TMI:                 run() INFO  : class: tst00xx
2018-12-31 13:29:04,532      MainThread          tmi_test_item.py:  19 -                 TMI.TestItem.0:            __init__() INFO  : DONE
2018-12-31 13:32:36,880      MainThread                 tmidev.py: 249 -                            TMI:                main() INFO  : args: {'script': 'public/station/scripts/TMIDemoRecordV1/prod_v0/prod_0.tmiscr'}
2018-12-31 13:32:36,881      MainThread                 tmidev.py: 241 -                            TMI:    script_validated() INFO  : Script passed validation tests
2018-12-31 13:32:36,905      MainThread        resultBaseClass.py:  44 -          TMI.ResultBaseClass.0:            __init__() INFO  : DONE
2018-12-31 13:32:36,906      MainThread        TMIDemoRecordV1.py:  37 -          TMI.TMIDemoRecordV1.0:            __init__() INFO  : DONE
2018-12-31 13:32:36,906      MainThread                 tmidev.py: 140 -                            TMI:                 run() INFO  : Module: public.station.scripts.TMIDemoRecordV1.prod_v0.tst00xx
2018-12-31 13:32:36,927      MainThread                 tmidev.py: 143 -                            TMI:                 run() INFO  : class: tst00xx
2018-12-31 13:32:36,927      MainThread          tmi_test_item.py:  19 -                 TMI.TestItem.0:            __init__() INFO  : DONE
2018-12-31 13:33:28,580      MainThread                 tmidev.py: 250 -                            TMI:                main() INFO  : args: {'script': 'public/station/scripts/TMIDemoRecordV1/prod_v0/prod_0.tmiscr'}
2018-12-31 13:33:28,587      MainThread                 tmidev.py: 242 -                            TMI:    script_validated() INFO  : Script passed validation tests
2018-12-31 13:33:28,692      MainThread        resultBaseClass.py:  44 -          TMI.ResultBaseClass.0:            __init__() INFO  : DONE
2018-12-31 13:33:28,693      MainThread        TMIDemoRecordV1.py:  37 -          TMI.TMIDemoRecordV1.0:            __init__() INFO  : DONE
2018-12-31 13:33:28,693      MainThread                 tmidev.py: 141 -                            TMI:                 run() INFO  : Module: public.station.scripts.TMIDemoRecordV1.prod_v0.tst00xx
2018-12-31 13:33:28,740      MainThread                 tmidev.py: 144 -                            TMI:                 run() INFO  : class: tst00xx
2018-12-31 13:33:28,741      MainThread          tmi_test_item.py:  19 -                 TMI.TestItem.0:            __init__() INFO  : DONE
2018-12-31 13:33:29,497      MainThread                 tmidev.py: 114 -               TMI.TMIChanCon.0:            item_end() INFO  : TST0xxSETUP, PASS
2018-12-31 13:33:46,113      MainThread                 tmidev.py: 250 -                            TMI:                main() INFO  : args: {'script': 'public/station/scripts/TMIDemoRecordV1/prod_v0/prod_0.tmiscr'}
2018-12-31 13:33:46,114      MainThread                 tmidev.py: 242 -                            TMI:    script_validated() INFO  : Script passed validation tests
2018-12-31 13:33:46,138      MainThread        resultBaseClass.py:  44 -          TMI.ResultBaseClass.0:            __init__() INFO  : DONE
2018-12-31 13:33:46,138      MainThread        TMIDemoRecordV1.py:  37 -          TMI.TMIDemoRecordV1.0:            __init__() INFO  : DONE
2018-12-31 13:33:46,138      MainThread                 tmidev.py: 141 -                            TMI:                 run() INFO  : Module: public.station.scripts.TMIDemoRecordV1.prod_v0.tst00xx
2018-12-31 13:33:46,145      MainThread                 tmidev.py: 144 -                            TMI:                 run() INFO  : class: tst00xx
2018-12-31 13:33:46,146      MainThread          tmi_test_item.py:  19 -                 TMI.TestItem.0:            __init__() INFO  : DONE
2018-12-31 13:33:46,411      MainThread                 tmidev.py: 114 -               TMI.TMIChanCon.0:            item_end() INFO  : TST0xxSETUP, PASS
2018-12-31 13:35:11,823      MainThread                 tmidev.py: 251 -                            TMI:                main() INFO  : args: {'script': 'public/station/scripts/TMIDemoRecordV1/prod_v0/prod_0.tmiscr'}
2018-12-31 13:35:11,823      MainThread                 tmidev.py: 243 -                            TMI:    script_validated() INFO  : Script passed validation tests
2018-12-31 13:35:11,848      MainThread        resultBaseClass.py:  44 -          TMI.ResultBaseClass.0:            __init__() INFO  : DONE
2018-12-31 13:35:11,848      MainThread        TMIDemoRecordV1.py:  37 -          TMI.TMIDemoRecordV1.0:            __init__() INFO  : DONE
2018-12-31 13:35:11,848      MainThread                 tmidev.py: 141 -                            TMI:                 run() INFO  : Module: public.station.scripts.TMIDemoRecordV1.prod_v0.tst00xx
2018-12-31 13:35:11,856      MainThread                 tmidev.py: 144 -                            TMI:                 run() INFO  : class: tst00xx
2018-12-31 13:35:11,856      MainThread          tmi_test_item.py:  19 -                 TMI.TestItem.0:            __init__() INFO  : DONE
2018-12-31 13:35:12,511      MainThread                 tmidev.py: 114 -               TMI.TMIChanCon.0:            item_end() INFO  : TST0xxSETUP, PASS
2018-12-31 13:35:12,511      MainThread                 tmidev.py: 133 -               TMI.TMIChanCon.0:            item_end() INFO  : {'item': {'id': 'TST0xxSETUP', 'enable': True}, 'options': {'fail_fast': False}, 'record': {'meta': {'channel': 0, 'result': 'PASS', 'processor': 'TMIDemoRecordV1', 'operator': 'tmidev', 'ip': '127.0.0.1', 'script': 'public/station/scripts/TMIDemoRecordV1/prod_v0/prod_0.tmiscr'}, 'info': {'product': 'widget_1', 'bom': 'B00012-001', 'lot': '95035', 'location': 'canada/ontario/milton'}, 'config': {}, 'items': [{'name': 'TST0xxSETUP', 'result': 'PASS', 'timestamp_start': 1546281311.86, 'timestamp_end': 1546281312.51, 'measurements': [], 'fail_msg': {}}], 'errors': [], 'html_summary': None, 'keys': {}}}
2018-12-31 13:35:12,586      MainThread        resultBaseClass.py: 152 -          TMI.TMIDemoRecordV1.0:         measurement() INFO  : {'name': 'TST000_Meas.apples', 'unit': 'dB', 'min': '0.0', 'max': '10.0', 'value': '0.63832150488991', 'result': 'PASS'}
2018-12-31 13:36:23,647      MainThread                 tmidev.py: 254 -                            TMI:                main() INFO  : args: {'script': 'public/station/scripts/TMIDemoRecordV1/prod_v0/prod_0.tmiscr'}
2018-12-31 13:36:23,648      MainThread                 tmidev.py: 246 -                            TMI:    script_validated() INFO  : Script passed validation tests
2018-12-31 13:36:23,674      MainThread        resultBaseClass.py:  44 -          TMI.ResultBaseClass.0:            __init__() INFO  : DONE
2018-12-31 13:36:23,674      MainThread        TMIDemoRecordV1.py:  37 -          TMI.TMIDemoRecordV1.0:            __init__() INFO  : DONE
2018-12-31 13:36:23,674      MainThread                 tmidev.py: 144 -                            TMI:                 run() INFO  : Module: public.station.scripts.TMIDemoRecordV1.prod_v0.tst00xx
2018-12-31 13:36:23,681      MainThread                 tmidev.py: 147 -                            TMI:                 run() INFO  : class: tst00xx
2018-12-31 13:36:23,681      MainThread          tmi_test_item.py:  19 -                 TMI.TestItem.0:            __init__() INFO  : DONE
2018-12-31 13:36:24,299      MainThread                 tmidev.py: 114 -               TMI.TMIChanCon.0:            item_end() INFO  : TST0xxSETUP, PASS
2018-12-31 13:36:24,299      MainThread                 tmidev.py: 133 -               TMI.TMIChanCon.0:            item_end() INFO  : {'item': {'id': 'TST0xxSETUP', 'enable': True}, 'options': {'fail_fast': False}, 'record': {'meta': {'channel': 0, 'result': 'PASS', 'processor': 'TMIDemoRecordV1', 'operator': 'tmidev', 'ip': '127.0.0.1', 'script': 'public/station/scripts/TMIDemoRecordV1/prod_v0/prod_0.tmiscr'}, 'info': {'product': 'widget_1', 'bom': 'B00012-001', 'lot': '95035', 'location': 'canada/ontario/milton'}, 'config': {}, 'items': [{'name': 'TST0xxSETUP', 'result': 'PASS', 'timestamp_start': 1546281383.68, 'timestamp_end': 1546281384.3, 'measurements': [], 'fail_msg': {}}], 'errors': [], 'html_summary': None, 'keys': {}}}
2018-12-31 13:36:25,123      MainThread        resultBaseClass.py: 152 -          TMI.TMIDemoRecordV1.0:         measurement() INFO  : {'name': 'TST000_Meas.apples', 'unit': 'dB', 'min': '0.0', 'max': '10.0', 'value': '0.82411423025928', 'result': 'PASS'}
2018-12-31 13:36:25,156      MainThread        resultBaseClass.py: 152 -          TMI.TMIDemoRecordV1.0:         measurement() INFO  : {'name': 'TST000_Meas.bananas', 'unit': 'dB', 'min': '0.0', 'max': '10.0', 'value': '2.0', 'result': 'PASS'}
2018-12-31 13:36:25,157      MainThread                 tmidev.py: 114 -               TMI.TMIChanCon.0:            item_end() INFO  : TST000_Meas, ['PASS', 'PASS']
2018-12-31 13:36:25,158      MainThread                 tmidev.py: 133 -               TMI.TMIChanCon.0:            item_end() INFO  : {'item': {'id': 'TST000_Meas', 'enable': True, 'args': {'min': 0, 'max': 10}, 'fail': [{'fid': 'TST000-0', 'msg': 'Component apple R1'}, {'fid': 'TST000-1', 'msg': 'Component banana R1'}]}, 'options': {'fail_fast': False}, 'record': {'meta': {'channel': 0, 'result': 'PASS', 'processor': 'TMIDemoRecordV1', 'operator': 'tmidev', 'ip': '127.0.0.1', 'script': 'public/station/scripts/TMIDemoRecordV1/prod_v0/prod_0.tmiscr'}, 'info': {'product': 'widget_1', 'bom': 'B00012-001', 'lot': '95035', 'location': 'canada/ontario/milton'}, 'config': {}, 'items': [{'name': 'TST0xxSETUP', 'result': 'PASS', 'timestamp_start': 1546281383.68, 'timestamp_end': 1546281384.3, 'measurements': [], 'fail_msg': {}}, {'name': 'TST000_Meas', 'result': 'PASS', 'timestamp_start': 1546281384.3, 'timestamp_end': 1546281385.16, 'measurements': [{'name': 'TST000_Meas.apples', 'unit': 'dB', 'min': '0.0', 'max': '10.0', 'value': '0.82411423025928', 'result': 'PASS'}, {'name': 'TST000_Meas.bananas', 'unit': 'dB', 'min': '0.0', 'max': '10.0', 'value': '2.0', 'result': 'PASS'}], 'fail_msg': {}}], 'errors': [], 'html_summary': None, 'keys': {}}}
2018-12-31 13:36:25,984      MainThread                 tmidev.py: 114 -               TMI.TMIChanCon.0:            item_end() INFO  : TST001_Skip, PASS
2018-12-31 13:36:25,984      MainThread                 tmidev.py: 133 -               TMI.TMIChanCon.0:            item_end() INFO  : {'item': {'id': 'TST001_Skip', 'enable': False}, 'options': {'fail_fast': False}, 'record': {'meta': {'channel': 0, 'result': 'PASS', 'processor': 'TMIDemoRecordV1', 'operator': 'tmidev', 'ip': '127.0.0.1', 'script': 'public/station/scripts/TMIDemoRecordV1/prod_v0/prod_0.tmiscr'}, 'info': {'product': 'widget_1', 'bom': 'B00012-001', 'lot': '95035', 'location': 'canada/ontario/milton'}, 'config': {}, 'items': [{'name': 'TST0xxSETUP', 'result': 'PASS', 'timestamp_start': 1546281383.68, 'timestamp_end': 1546281384.3, 'measurements': [], 'fail_msg': {}}, {'name': 'TST000_Meas', 'result': 'PASS', 'timestamp_start': 1546281384.3, 'timestamp_end': 1546281385.16, 'measurements': [{'name': 'TST000_Meas.apples', 'unit': 'dB', 'min': '0.0', 'max': '10.0', 'value': '0.82411423025928', 'result': 'PASS'}, {'name': 'TST000_Meas.bananas', 'unit': 'dB', 'min': '0.0', 'max': '10.0', 'value': '2.0', 'result': 'PASS'}], 'fail_msg': {}}, {'name': 'TST001_Skip', 'result': 'PASS', 'timestamp_start': 1546281385.16, 'timestamp_end': 1546281385.98, 'measurements': [], 'fail_msg': {}}], 'errors': [], 'html_summary': None, 'keys': {}}}
2018-12-31 13:36:25,989      MainThread          tmi_test_item.py:  38 - TMI.public.station.scripts.TMIDemoRecordV1.prod_v0.tst00xx.0:        input_button() INFO  : ['one', 'two', 'three']
2018-12-31 13:36:25,990      MainThread                 tmidev.py: 114 -               TMI.TMIChanCon.0:            item_end() INFO  : TST002_Buttons, FAIL
2018-12-31 13:36:25,990      MainThread                 tmidev.py: 133 -               TMI.TMIChanCon.0:            item_end() INFO  : {'item': {'id': 'TST002_Buttons', 'enable': True, 'timeout': 10}, 'options': {'fail_fast': False}, 'record': {'meta': {'channel': 0, 'result': 'FAIL', 'processor': 'TMIDemoRecordV1', 'operator': 'tmidev', 'ip': '127.0.0.1', 'script': 'public/station/scripts/TMIDemoRecordV1/prod_v0/prod_0.tmiscr'}, 'info': {'product': 'widget_1', 'bom': 'B00012-001', 'lot': '95035', 'location': 'canada/ontario/milton'}, 'config': {}, 'items': [{'name': 'TST0xxSETUP', 'result': 'PASS', 'timestamp_start': 1546281383.68, 'timestamp_end': 1546281384.3, 'measurements': [], 'fail_msg': {}}, {'name': 'TST000_Meas', 'result': 'PASS', 'timestamp_start': 1546281384.3, 'timestamp_end': 1546281385.16, 'measurements': [{'name': 'TST000_Meas.apples', 'unit': 'dB', 'min': '0.0', 'max': '10.0', 'value': '0.82411423025928', 'result': 'PASS'}, {'name': 'TST000_Meas.bananas', 'unit': 'dB', 'min': '0.0', 'max': '10.0', 'value': '2.0', 'result': 'PASS'}], 'fail_msg': {}}, {'name': 'TST001_Skip', 'result': 'PASS', 'timestamp_start': 1546281385.16, 'timestamp_end': 1546281385.98, 'measurements': [], 'fail_msg': {}}, {'name': 'TST002_Buttons', 'result': 'FAIL', 'timestamp_start': 1546281385.98, 'timestamp_end': 1546281385.99, 'measurements': [], 'fail_msg': {}}], 'errors': [], 'html_summary': None, 'keys': {}}}
2018-12-31 13:36:26,608      MainThread                 tmidev.py: 114 -               TMI.TMIChanCon.0:            item_end() INFO  : TST003_KeyAdd, PASS
2018-12-31 13:36:26,608      MainThread                 tmidev.py: 133 -               TMI.TMIChanCon.0:            item_end() INFO  : {'item': {'id': 'TST003_KeyAdd', 'enable': True}, 'options': {'fail_fast': False}, 'record': {'meta': {'channel': 0, 'result': 'FAIL', 'processor': 'TMIDemoRecordV1', 'operator': 'tmidev', 'ip': '127.0.0.1', 'script': 'public/station/scripts/TMIDemoRecordV1/prod_v0/prod_0.tmiscr'}, 'info': {'product': 'widget_1', 'bom': 'B00012-001', 'lot': '95035', 'location': 'canada/ontario/milton'}, 'config': {}, 'items': [{'name': 'TST0xxSETUP', 'result': 'PASS', 'timestamp_start': 1546281383.68, 'timestamp_end': 1546281384.3, 'measurements': [], 'fail_msg': {}}, {'name': 'TST000_Meas', 'result': 'PASS', 'timestamp_start': 1546281384.3, 'timestamp_end': 1546281385.16, 'measurements': [{'name': 'TST000_Meas.apples', 'unit': 'dB', 'min': '0.0', 'max': '10.0', 'value': '0.82411423025928', 'result': 'PASS'}, {'name': 'TST000_Meas.bananas', 'unit': 'dB', 'min': '0.0', 'max': '10.0', 'value': '2.0', 'result': 'PASS'}], 'fail_msg': {}}, {'name': 'TST001_Skip', 'result': 'PASS', 'timestamp_start': 1546281385.16, 'timestamp_end': 1546281385.98, 'measurements': [], 'fail_msg': {}}, {'name': 'TST002_Buttons', 'result': 'FAIL', 'timestamp_start': 1546281385.98, 'timestamp_end': 1546281385.99, 'measurements': [], 'fail_msg': {}}, {'name': 'TST003_KeyAdd', 'result': 'PASS', 'timestamp_start': 1546281385.99, 'timestamp_end': 1546281386.61, 'measurements': [], 'fail_msg': {}}], 'errors': [], 'html_summary': None, 'keys': {'key0': 'value:27'}}}
2018-12-31 13:36:27,242      MainThread                 tmidev.py: 114 -               TMI.TMIChanCon.0:            item_end() INFO  : TST004_KeyGet, PASS
2018-12-31 13:36:27,243      MainThread                 tmidev.py: 133 -               TMI.TMIChanCon.0:            item_end() INFO  : {'item': {'id': 'TST004_KeyGet', 'enable': True}, 'options': {'fail_fast': False}, 'record': {'meta': {'channel': 0, 'result': 'FAIL', 'processor': 'TMIDemoRecordV1', 'operator': 'tmidev', 'ip': '127.0.0.1', 'script': 'public/station/scripts/TMIDemoRecordV1/prod_v0/prod_0.tmiscr'}, 'info': {'product': 'widget_1', 'bom': 'B00012-001', 'lot': '95035', 'location': 'canada/ontario/milton'}, 'config': {}, 'items': [{'name': 'TST0xxSETUP', 'result': 'PASS', 'timestamp_start': 1546281383.68, 'timestamp_end': 1546281384.3, 'measurements': [], 'fail_msg': {}}, {'name': 'TST000_Meas', 'result': 'PASS', 'timestamp_start': 1546281384.3, 'timestamp_end': 1546281385.16, 'measurements': [{'name': 'TST000_Meas.apples', 'unit': 'dB', 'min': '0.0', 'max': '10.0', 'value': '0.82411423025928', 'result': 'PASS'}, {'name': 'TST000_Meas.bananas', 'unit': 'dB', 'min': '0.0', 'max': '10.0', 'value': '2.0', 'result': 'PASS'}], 'fail_msg': {}}, {'name': 'TST001_Skip', 'result': 'PASS', 'timestamp_start': 1546281385.16, 'timestamp_end': 1546281385.98, 'measurements': [], 'fail_msg': {}}, {'name': 'TST002_Buttons', 'result': 'FAIL', 'timestamp_start': 1546281385.98, 'timestamp_end': 1546281385.99, 'measurements': [], 'fail_msg': {}}, {'name': 'TST003_KeyAdd', 'result': 'PASS', 'timestamp_start': 1546281385.99, 'timestamp_end': 1546281386.61, 'measurements': [], 'fail_msg': {}}, {'name': 'TST004_KeyGet', 'result': 'PASS', 'timestamp_start': 1546281386.61, 'timestamp_end': 1546281387.24, 'measurements': [], 'fail_msg': {}}], 'errors': [], 'html_summary': None, 'keys': {'key0': 'value:27'}}}
2018-12-31 13:36:27,245      MainThread       tmi_core_helpers.py:  77 -      TMI.core.tmi_core_helpers:       rsrc_lock_get() INFO  : created my_resource
2018-12-31 13:36:28,250      MainThread                 tmidev.py: 114 -               TMI.TMIChanCon.0:            item_end() INFO  : TST005_RsrcLock, PASS
2018-12-31 13:36:28,250      MainThread                 tmidev.py: 133 -               TMI.TMIChanCon.0:            item_end() INFO  : {'item': {'id': 'TST005_RsrcLock', 'enable': True, 'args': {'holdTime': 1}, 'timeout': 60}, 'options': {'fail_fast': False}, 'record': {'meta': {'channel': 0, 'result': 'FAIL', 'processor': 'TMIDemoRecordV1', 'operator': 'tmidev', 'ip': '127.0.0.1', 'script': 'public/station/scripts/TMIDemoRecordV1/prod_v0/prod_0.tmiscr'}, 'info': {'product': 'widget_1', 'bom': 'B00012-001', 'lot': '95035', 'location': 'canada/ontario/milton'}, 'config': {}, 'items': [{'name': 'TST0xxSETUP', 'result': 'PASS', 'timestamp_start': 1546281383.68, 'timestamp_end': 1546281384.3, 'measurements': [], 'fail_msg': {}}, {'name': 'TST000_Meas', 'result': 'PASS', 'timestamp_start': 1546281384.3, 'timestamp_end': 1546281385.16, 'measurements': [{'name': 'TST000_Meas.apples', 'unit': 'dB', 'min': '0.0', 'max': '10.0', 'value': '0.82411423025928', 'result': 'PASS'}, {'name': 'TST000_Meas.bananas', 'unit': 'dB', 'min': '0.0', 'max': '10.0', 'value': '2.0', 'result': 'PASS'}], 'fail_msg': {}}, {'name': 'TST001_Skip', 'result': 'PASS', 'timestamp_start': 1546281385.16, 'timestamp_end': 1546281385.98, 'measurements': [], 'fail_msg': {}}, {'name': 'TST002_Buttons', 'result': 'FAIL', 'timestamp_start': 1546281385.98, 'timestamp_end': 1546281385.99, 'measurements': [], 'fail_msg': {}}, {'name': 'TST003_KeyAdd', 'result': 'PASS', 'timestamp_start': 1546281385.99, 'timestamp_end': 1546281386.61, 'measurements': [], 'fail_msg': {}}, {'name': 'TST004_KeyGet', 'result': 'PASS', 'timestamp_start': 1546281386.61, 'timestamp_end': 1546281387.24, 'measurements': [], 'fail_msg': {}}, {'name': 'TST005_RsrcLock', 'result': 'PASS', 'timestamp_start': 1546281387.24, 'timestamp_end': 1546281388.25, 'measurements': [], 'fail_msg': {}}], 'errors': [], 'html_summary': None, 'keys': {'key0': 'value:27'}}}
2018-12-31 13:36:28,291      MainThread                 tmidev.py: 114 -               TMI.TMIChanCon.0:            item_end() INFO  : TST006_HWDriver, PASS
2018-12-31 13:36:28,291      MainThread                 tmidev.py: 133 -               TMI.TMIChanCon.0:            item_end() INFO  : {'item': {'id': 'TST006_HWDriver', 'enable': True}, 'options': {'fail_fast': False}, 'record': {'meta': {'channel': 0, 'result': 'FAIL', 'processor': 'TMIDemoRecordV1', 'operator': 'tmidev', 'ip': '127.0.0.1', 'script': 'public/station/scripts/TMIDemoRecordV1/prod_v0/prod_0.tmiscr'}, 'info': {'product': 'widget_1', 'bom': 'B00012-001', 'lot': '95035', 'location': 'canada/ontario/milton'}, 'config': {}, 'items': [{'name': 'TST0xxSETUP', 'result': 'PASS', 'timestamp_start': 1546281383.68, 'timestamp_end': 1546281384.3, 'measurements': [], 'fail_msg': {}}, {'name': 'TST000_Meas', 'result': 'PASS', 'timestamp_start': 1546281384.3, 'timestamp_end': 1546281385.16, 'measurements': [{'name': 'TST000_Meas.apples', 'unit': 'dB', 'min': '0.0', 'max': '10.0', 'value': '0.82411423025928', 'result': 'PASS'}, {'name': 'TST000_Meas.bananas', 'unit': 'dB', 'min': '0.0', 'max': '10.0', 'value': '2.0', 'result': 'PASS'}], 'fail_msg': {}}, {'name': 'TST001_Skip', 'result': 'PASS', 'timestamp_start': 1546281385.16, 'timestamp_end': 1546281385.98, 'measurements': [], 'fail_msg': {}}, {'name': 'TST002_Buttons', 'result': 'FAIL', 'timestamp_start': 1546281385.98, 'timestamp_end': 1546281385.99, 'measurements': [], 'fail_msg': {}}, {'name': 'TST003_KeyAdd', 'result': 'PASS', 'timestamp_start': 1546281385.99, 'timestamp_end': 1546281386.61, 'measurements': [], 'fail_msg': {}}, {'name': 'TST004_KeyGet', 'result': 'PASS', 'timestamp_start': 1546281386.61, 'timestamp_end': 1546281387.24, 'measurements': [], 'fail_msg': {}}, {'name': 'TST005_RsrcLock', 'result': 'PASS', 'timestamp_start': 1546281387.24, 'timestamp_end': 1546281388.25, 'measurements': [], 'fail_msg': {}}, {'name': 'TST006_HWDriver', 'result': 'PASS', 'timestamp_start': 1546281388.25, 'timestamp_end': 1546281388.29, 'measurements': [], 'fail_msg': {}}], 'errors': [], 'html_summary': None, 'keys': {'key0': 'value:27'}}}
2018-12-31 13:36:28,293      MainThread          tmi_test_item.py:  50 - TMI.public.station.scripts.TMIDemoRecordV1.prod_v0.tst00xx.0:       input_textbox() INFO  : {'title': 'Enter Some Text:', 'placeholder': 'change'}
2018-12-31 13:36:28,294      MainThread                 tmidev.py: 114 -               TMI.TMIChanCon.0:            item_end() INFO  : TST008_TextInput, FAIL
2018-12-31 13:36:28,295      MainThread                 tmidev.py: 133 -               TMI.TMIChanCon.0:            item_end() INFO  : {'item': {'id': 'TST008_TextInput', 'enable': True, 'timeout': 10}, 'options': {'fail_fast': False}, 'record': {'meta': {'channel': 0, 'result': 'FAIL', 'processor': 'TMIDemoRecordV1', 'operator': 'tmidev', 'ip': '127.0.0.1', 'script': 'public/station/scripts/TMIDemoRecordV1/prod_v0/prod_0.tmiscr'}, 'info': {'product': 'widget_1', 'bom': 'B00012-001', 'lot': '95035', 'location': 'canada/ontario/milton'}, 'config': {}, 'items': [{'name': 'TST0xxSETUP', 'result': 'PASS', 'timestamp_start': 1546281383.68, 'timestamp_end': 1546281384.3, 'measurements': [], 'fail_msg': {}}, {'name': 'TST000_Meas', 'result': 'PASS', 'timestamp_start': 1546281384.3, 'timestamp_end': 1546281385.16, 'measurements': [{'name': 'TST000_Meas.apples', 'unit': 'dB', 'min': '0.0', 'max': '10.0', 'value': '0.82411423025928', 'result': 'PASS'}, {'name': 'TST000_Meas.bananas', 'unit': 'dB', 'min': '0.0', 'max': '10.0', 'value': '2.0', 'result': 'PASS'}], 'fail_msg': {}}, {'name': 'TST001_Skip', 'result': 'PASS', 'timestamp_start': 1546281385.16, 'timestamp_end': 1546281385.98, 'measurements': [], 'fail_msg': {}}, {'name': 'TST002_Buttons', 'result': 'FAIL', 'timestamp_start': 1546281385.98, 'timestamp_end': 1546281385.99, 'measurements': [], 'fail_msg': {}}, {'name': 'TST003_KeyAdd', 'result': 'PASS', 'timestamp_start': 1546281385.99, 'timestamp_end': 1546281386.61, 'measurements': [], 'fail_msg': {}}, {'name': 'TST004_KeyGet', 'result': 'PASS', 'timestamp_start': 1546281386.61, 'timestamp_end': 1546281387.24, 'measurements': [], 'fail_msg': {}}, {'name': 'TST005_RsrcLock', 'result': 'PASS', 'timestamp_start': 1546281387.24, 'timestamp_end': 1546281388.25, 'measurements': [], 'fail_msg': {}}, {'name': 'TST006_HWDriver', 'result': 'PASS', 'timestamp_start': 1546281388.25, 'timestamp_end': 1546281388.29, 'measurements': [], 'fail_msg': {}}, {'name': 'TST008_TextInput', 'result': 'FAIL', 'timestamp_start': 1546281388.29, 'timestamp_end': 1546281388.3, 'measurements': [], 'fail_msg': {}}], 'errors': [], 'html_summary': None, 'keys': {'key0': 'value:27'}}}
2018-12-31 13:36:33,103      MainThread                 tmidev.py: 114 -               TMI.TMIChanCon.0:            item_end() INFO  : TST007_LogPctProgress, PASS
2018-12-31 13:36:33,103      MainThread                 tmidev.py: 133 -               TMI.TMIChanCon.0:            item_end() INFO  : {'item': {'id': 'TST007_LogPctProgress', 'enable': True, 'timeout': 15}, 'options': {'fail_fast': False}, 'record': {'meta': {'channel': 0, 'result': 'FAIL', 'processor': 'TMIDemoRecordV1', 'operator': 'tmidev', 'ip': '127.0.0.1', 'script': 'public/station/scripts/TMIDemoRecordV1/prod_v0/prod_0.tmiscr'}, 'info': {'product': 'widget_1', 'bom': 'B00012-001', 'lot': '95035', 'location': 'canada/ontario/milton'}, 'config': {}, 'items': [{'name': 'TST0xxSETUP', 'result': 'PASS', 'timestamp_start': 1546281383.68, 'timestamp_end': 1546281384.3, 'measurements': [], 'fail_msg': {}}, {'name': 'TST000_Meas', 'result': 'PASS', 'timestamp_start': 1546281384.3, 'timestamp_end': 1546281385.16, 'measurements': [{'name': 'TST000_Meas.apples', 'unit': 'dB', 'min': '0.0', 'max': '10.0', 'value': '0.82411423025928', 'result': 'PASS'}, {'name': 'TST000_Meas.bananas', 'unit': 'dB', 'min': '0.0', 'max': '10.0', 'value': '2.0', 'result': 'PASS'}], 'fail_msg': {}}, {'name': 'TST001_Skip', 'result': 'PASS', 'timestamp_start': 1546281385.16, 'timestamp_end': 1546281385.98, 'measurements': [], 'fail_msg': {}}, {'name': 'TST002_Buttons', 'result': 'FAIL', 'timestamp_start': 1546281385.98, 'timestamp_end': 1546281385.99, 'measurements': [], 'fail_msg': {}}, {'name': 'TST003_KeyAdd', 'result': 'PASS', 'timestamp_start': 1546281385.99, 'timestamp_end': 1546281386.61, 'measurements': [], 'fail_msg': {}}, {'name': 'TST004_KeyGet', 'result': 'PASS', 'timestamp_start': 1546281386.61, 'timestamp_end': 1546281387.24, 'measurements': [], 'fail_msg': {}}, {'name': 'TST005_RsrcLock', 'result': 'PASS', 'timestamp_start': 1546281387.24, 'timestamp_end': 1546281388.25, 'measurements': [], 'fail_msg': {}}, {'name': 'TST006_HWDriver', 'result': 'PASS', 'timestamp_start': 1546281388.25, 'timestamp_end': 1546281388.29, 'measurements': [], 'fail_msg': {}}, {'name': 'TST008_TextInput', 'result': 'FAIL', 'timestamp_start': 1546281388.29, 'timestamp_end': 1546281388.3, 'measurements': [], 'fail_msg': {}}, {'name': 'TST007_LogPctProgress', 'result': 'PASS', 'timestamp_start': 1546281388.3, 'timestamp_end': 1546281393.1, 'measurements': [], 'fail_msg': {}}], 'errors': [], 'html_summary': None, 'keys': {'key0': 'value:27'}}}
2018-12-31 13:36:33,417      MainThread                 tmidev.py: 114 -               TMI.TMIChanCon.0:            item_end() INFO  : TST0xxTRDN, PASS
2018-12-31 13:36:33,417      MainThread                 tmidev.py: 133 -               TMI.TMIChanCon.0:            item_end() INFO  : {'item': {'id': 'TST0xxTRDN', 'enable': True}, 'options': {'fail_fast': False}, 'record': {'meta': {'channel': 0, 'result': 'FAIL', 'processor': 'TMIDemoRecordV1', 'operator': 'tmidev', 'ip': '127.0.0.1', 'script': 'public/station/scripts/TMIDemoRecordV1/prod_v0/prod_0.tmiscr'}, 'info': {'product': 'widget_1', 'bom': 'B00012-001', 'lot': '95035', 'location': 'canada/ontario/milton'}, 'config': {}, 'items': [{'name': 'TST0xxSETUP', 'result': 'PASS', 'timestamp_start': 1546281383.68, 'timestamp_end': 1546281384.3, 'measurements': [], 'fail_msg': {}}, {'name': 'TST000_Meas', 'result': 'PASS', 'timestamp_start': 1546281384.3, 'timestamp_end': 1546281385.16, 'measurements': [{'name': 'TST000_Meas.apples', 'unit': 'dB', 'min': '0.0', 'max': '10.0', 'value': '0.82411423025928', 'result': 'PASS'}, {'name': 'TST000_Meas.bananas', 'unit': 'dB', 'min': '0.0', 'max': '10.0', 'value': '2.0', 'result': 'PASS'}], 'fail_msg': {}}, {'name': 'TST001_Skip', 'result': 'PASS', 'timestamp_start': 1546281385.16, 'timestamp_end': 1546281385.98, 'measurements': [], 'fail_msg': {}}, {'name': 'TST002_Buttons', 'result': 'FAIL', 'timestamp_start': 1546281385.98, 'timestamp_end': 1546281385.99, 'measurements': [], 'fail_msg': {}}, {'name': 'TST003_KeyAdd', 'result': 'PASS', 'timestamp_start': 1546281385.99, 'timestamp_end': 1546281386.61, 'measurements': [], 'fail_msg': {}}, {'name': 'TST004_KeyGet', 'result': 'PASS', 'timestamp_start': 1546281386.61, 'timestamp_end': 1546281387.24, 'measurements': [], 'fail_msg': {}}, {'name': 'TST005_RsrcLock', 'result': 'PASS', 'timestamp_start': 1546281387.24, 'timestamp_end': 1546281388.25, 'measurements': [], 'fail_msg': {}}, {'name': 'TST006_HWDriver', 'result': 'PASS', 'timestamp_start': 1546281388.25, 'timestamp_end': 1546281388.29, 'measurements': [], 'fail_msg': {}}, {'name': 'TST008_TextInput', 'result': 'FAIL', 'timestamp_start': 1546281388.29, 'timestamp_end': 1546281388.3, 'measurements': [], 'fail_msg': {}}, {'name': 'TST007_LogPctProgress', 'result': 'PASS', 'timestamp_start': 1546281388.3, 'timestamp_end': 1546281393.1, 'measurements': [], 'fail_msg': {}}, {'name': 'TST0xxTRDN', 'result': 'PASS', 'timestamp_start': 1546281393.1, 'timestamp_end': 1546281393.42, 'measurements': [], 'fail_msg': {}}], 'errors': [], 'html_summary': None, 'keys': {'key0': 'value:27'}}}
2018-12-31 13:36:44,171      MainThread                 tmidev.py: 254 -                            TMI:                main() INFO  : args: {'script': 'public/station/scripts/TMIDemoRecordV1/prod_v0/prod_0.tmiscr'}
2018-12-31 13:36:44,172      MainThread                 tmidev.py: 246 -                            TMI:    script_validated() INFO  : Script passed validation tests
2018-12-31 13:36:44,195      MainThread        resultBaseClass.py:  44 -          TMI.ResultBaseClass.0:            __init__() INFO  : DONE
2018-12-31 13:36:44,195      MainThread        TMIDemoRecordV1.py:  37 -          TMI.TMIDemoRecordV1.0:            __init__() INFO  : DONE
2018-12-31 13:36:44,196      MainThread                 tmidev.py: 144 -                            TMI:                 run() INFO  : Module: public.station.scripts.TMIDemoRecordV1.prod_v0.tst00xx
2018-12-31 13:36:44,203      MainThread                 tmidev.py: 147 -                            TMI:                 run() INFO  : class: tst00xx
2018-12-31 13:36:44,203      MainThread          tmi_test_item.py:  19 -                 TMI.TestItem.0:            __init__() INFO  : DONE
2018-12-31 13:36:44,278      MainThread                 tmidev.py: 114 -               TMI.TMIChanCon.0:            item_end() INFO  : TST0xxSETUP, PASS
2018-12-31 13:36:44,278      MainThread                 tmidev.py: 133 -               TMI.TMIChanCon.0:            item_end() INFO  : {'item': {'id': 'TST0xxSETUP', 'enable': True}, 'options': {'fail_fast': False}, 'record': {'meta': {'channel': 0, 'result': 'PASS', 'processor': 'TMIDemoRecordV1', 'operator': 'tmidev', 'ip': '127.0.0.1', 'script': 'public/station/scripts/TMIDemoRecordV1/prod_v0/prod_0.tmiscr'}, 'info': {'product': 'widget_1', 'bom': 'B00012-001', 'lot': '95035', 'location': 'canada/ontario/milton'}, 'config': {}, 'items': [{'name': 'TST0xxSETUP', 'result': 'PASS', 'timestamp_start': 1546281404.2, 'timestamp_end': 1546281404.28, 'measurements': [], 'fail_msg': {}}], 'errors': [], 'html_summary': None, 'keys': {}}}
2018-12-31 13:36:45,030      MainThread        resultBaseClass.py: 152 -          TMI.TMIDemoRecordV1.0:         measurement() INFO  : {'name': 'TST000_Meas.apples', 'unit': 'dB', 'min': '0.0', 'max': '10.0', 'value': '0.11043013335703', 'result': 'PASS'}
2018-12-31 13:36:45,030      MainThread                 tmidev.py: 136 -               TMI.TMIChanCon.0:          log_bullet() INFO  : BULLET: apples: 0.0 <= 0.11043013335703 <= 10.0 dB :: PASS
2018-12-31 13:36:45,030      MainThread        resultBaseClass.py: 152 -          TMI.TMIDemoRecordV1.0:         measurement() INFO  : {'name': 'TST000_Meas.bananas', 'unit': 'dB', 'min': '0.0', 'max': '10.0', 'value': '2.0', 'result': 'PASS'}
2018-12-31 13:36:45,030      MainThread                 tmidev.py: 136 -               TMI.TMIChanCon.0:          log_bullet() INFO  : BULLET: bananas: 0.0 <= 2.0 <= 10.0 dB :: PASS
2018-12-31 13:36:45,030      MainThread                 tmidev.py: 114 -               TMI.TMIChanCon.0:            item_end() INFO  : TST000_Meas, ['PASS', 'PASS']
2018-12-31 13:36:45,031      MainThread                 tmidev.py: 133 -               TMI.TMIChanCon.0:            item_end() INFO  : {'item': {'id': 'TST000_Meas', 'enable': True, 'args': {'min': 0, 'max': 10}, 'fail': [{'fid': 'TST000-0', 'msg': 'Component apple R1'}, {'fid': 'TST000-1', 'msg': 'Component banana R1'}]}, 'options': {'fail_fast': False}, 'record': {'meta': {'channel': 0, 'result': 'PASS', 'processor': 'TMIDemoRecordV1', 'operator': 'tmidev', 'ip': '127.0.0.1', 'script': 'public/station/scripts/TMIDemoRecordV1/prod_v0/prod_0.tmiscr'}, 'info': {'product': 'widget_1', 'bom': 'B00012-001', 'lot': '95035', 'location': 'canada/ontario/milton'}, 'config': {}, 'items': [{'name': 'TST0xxSETUP', 'result': 'PASS', 'timestamp_start': 1546281404.2, 'timestamp_end': 1546281404.28, 'measurements': [], 'fail_msg': {}}, {'name': 'TST000_Meas', 'result': 'PASS', 'timestamp_start': 1546281404.28, 'timestamp_end': 1546281405.03, 'measurements': [{'name': 'TST000_Meas.apples', 'unit': 'dB', 'min': '0.0', 'max': '10.0', 'value': '0.11043013335703', 'result': 'PASS'}, {'name': 'TST000_Meas.bananas', 'unit': 'dB', 'min': '0.0', 'max': '10.0', 'value': '2.0', 'result': 'PASS'}], 'fail_msg': {}}], 'errors': [], 'html_summary': None, 'keys': {}}}
2018-12-31 13:36:45,031      MainThread                 tmidev.py: 136 -               TMI.TMIChanCon.0:          log_bullet() INFO  : BULLET: Was I skipped?
2018-12-31 13:36:45,552      MainThread                 tmidev.py: 114 -               TMI.TMIChanCon.0:            item_end() INFO  : TST001_Skip, PASS
2018-12-31 13:36:45,552      MainThread                 tmidev.py: 133 -               TMI.TMIChanCon.0:            item_end() INFO  : {'item': {'id': 'TST001_Skip', 'enable': False}, 'options': {'fail_fast': False}, 'record': {'meta': {'channel': 0, 'result': 'PASS', 'processor': 'TMIDemoRecordV1', 'operator': 'tmidev', 'ip': '127.0.0.1', 'script': 'public/station/scripts/TMIDemoRecordV1/prod_v0/prod_0.tmiscr'}, 'info': {'product': 'widget_1', 'bom': 'B00012-001', 'lot': '95035', 'location': 'canada/ontario/milton'}, 'config': {}, 'items': [{'name': 'TST0xxSETUP', 'result': 'PASS', 'timestamp_start': 1546281404.2, 'timestamp_end': 1546281404.28, 'measurements': [], 'fail_msg': {}}, {'name': 'TST000_Meas', 'result': 'PASS', 'timestamp_start': 1546281404.28, 'timestamp_end': 1546281405.03, 'measurements': [{'name': 'TST000_Meas.apples', 'unit': 'dB', 'min': '0.0', 'max': '10.0', 'value': '0.11043013335703', 'result': 'PASS'}, {'name': 'TST000_Meas.bananas', 'unit': 'dB', 'min': '0.0', 'max': '10.0', 'value': '2.0', 'result': 'PASS'}], 'fail_msg': {}}, {'name': 'TST001_Skip', 'result': 'PASS', 'timestamp_start': 1546281405.03, 'timestamp_end': 1546281405.55, 'measurements': [], 'fail_msg': {}}], 'errors': [], 'html_summary': None, 'keys': {}}}
2018-12-31 13:36:45,552      MainThread                 tmidev.py: 136 -               TMI.TMIChanCon.0:          log_bullet() INFO  : BULLET: Please press a button!
2018-12-31 13:36:45,552      MainThread          tmi_test_item.py:  38 - TMI.public.station.scripts.TMIDemoRecordV1.prod_v0.tst00xx.0:        input_button() INFO  : ['one', 'two', 'three']
2018-12-31 13:36:45,553      MainThread                 tmidev.py: 136 -               TMI.TMIChanCon.0:          log_bullet() INFO  : BULLET: Timeout
2018-12-31 13:36:45,553      MainThread                 tmidev.py: 114 -               TMI.TMIChanCon.0:            item_end() INFO  : TST002_Buttons, FAIL
2018-12-31 13:36:45,553      MainThread                 tmidev.py: 133 -               TMI.TMIChanCon.0:            item_end() INFO  : {'item': {'id': 'TST002_Buttons', 'enable': True, 'timeout': 10}, 'options': {'fail_fast': False}, 'record': {'meta': {'channel': 0, 'result': 'FAIL', 'processor': 'TMIDemoRecordV1', 'operator': 'tmidev', 'ip': '127.0.0.1', 'script': 'public/station/scripts/TMIDemoRecordV1/prod_v0/prod_0.tmiscr'}, 'info': {'product': 'widget_1', 'bom': 'B00012-001', 'lot': '95035', 'location': 'canada/ontario/milton'}, 'config': {}, 'items': [{'name': 'TST0xxSETUP', 'result': 'PASS', 'timestamp_start': 1546281404.2, 'timestamp_end': 1546281404.28, 'measurements': [], 'fail_msg': {}}, {'name': 'TST000_Meas', 'result': 'PASS', 'timestamp_start': 1546281404.28, 'timestamp_end': 1546281405.03, 'measurements': [{'name': 'TST000_Meas.apples', 'unit': 'dB', 'min': '0.0', 'max': '10.0', 'value': '0.11043013335703', 'result': 'PASS'}, {'name': 'TST000_Meas.bananas', 'unit': 'dB', 'min': '0.0', 'max': '10.0', 'value': '2.0', 'result': 'PASS'}], 'fail_msg': {}}, {'name': 'TST001_Skip', 'result': 'PASS', 'timestamp_start': 1546281405.03, 'timestamp_end': 1546281405.55, 'measurements': [], 'fail_msg': {}}, {'name': 'TST002_Buttons', 'result': 'FAIL', 'timestamp_start': 1546281405.55, 'timestamp_end': 1546281405.55, 'measurements': [], 'fail_msg': {}}], 'errors': [], 'html_summary': None, 'keys': {}}}
2018-12-31 13:36:46,021      MainThread                 tmidev.py: 136 -               TMI.TMIChanCon.0:          log_bullet() INFO  : BULLET: added key value: 4
2018-12-31 13:36:46,021      MainThread                 tmidev.py: 114 -               TMI.TMIChanCon.0:            item_end() INFO  : TST003_KeyAdd, PASS
2018-12-31 13:36:46,021      MainThread                 tmidev.py: 133 -               TMI.TMIChanCon.0:            item_end() INFO  : {'item': {'id': 'TST003_KeyAdd', 'enable': True}, 'options': {'fail_fast': False}, 'record': {'meta': {'channel': 0, 'result': 'FAIL', 'processor': 'TMIDemoRecordV1', 'operator': 'tmidev', 'ip': '127.0.0.1', 'script': 'public/station/scripts/TMIDemoRecordV1/prod_v0/prod_0.tmiscr'}, 'info': {'product': 'widget_1', 'bom': 'B00012-001', 'lot': '95035', 'location': 'canada/ontario/milton'}, 'config': {}, 'items': [{'name': 'TST0xxSETUP', 'result': 'PASS', 'timestamp_start': 1546281404.2, 'timestamp_end': 1546281404.28, 'measurements': [], 'fail_msg': {}}, {'name': 'TST000_Meas', 'result': 'PASS', 'timestamp_start': 1546281404.28, 'timestamp_end': 1546281405.03, 'measurements': [{'name': 'TST000_Meas.apples', 'unit': 'dB', 'min': '0.0', 'max': '10.0', 'value': '0.11043013335703', 'result': 'PASS'}, {'name': 'TST000_Meas.bananas', 'unit': 'dB', 'min': '0.0', 'max': '10.0', 'value': '2.0', 'result': 'PASS'}], 'fail_msg': {}}, {'name': 'TST001_Skip', 'result': 'PASS', 'timestamp_start': 1546281405.03, 'timestamp_end': 1546281405.55, 'measurements': [], 'fail_msg': {}}, {'name': 'TST002_Buttons', 'result': 'FAIL', 'timestamp_start': 1546281405.55, 'timestamp_end': 1546281405.55, 'measurements': [], 'fail_msg': {}}, {'name': 'TST003_KeyAdd', 'result': 'PASS', 'timestamp_start': 1546281405.55, 'timestamp_end': 1546281406.02, 'measurements': [], 'fail_msg': {}}], 'errors': [], 'html_summary': None, 'keys': {'key0': 'value:4'}}}
2018-12-31 13:36:46,237      MainThread                 tmidev.py: 136 -               TMI.TMIChanCon.0:          log_bullet() INFO  : BULLET: got key[0]: value:4
2018-12-31 13:36:46,237      MainThread                 tmidev.py: 114 -               TMI.TMIChanCon.0:            item_end() INFO  : TST004_KeyGet, PASS
2018-12-31 13:36:46,237      MainThread                 tmidev.py: 133 -               TMI.TMIChanCon.0:            item_end() INFO  : {'item': {'id': 'TST004_KeyGet', 'enable': True}, 'options': {'fail_fast': False}, 'record': {'meta': {'channel': 0, 'result': 'FAIL', 'processor': 'TMIDemoRecordV1', 'operator': 'tmidev', 'ip': '127.0.0.1', 'script': 'public/station/scripts/TMIDemoRecordV1/prod_v0/prod_0.tmiscr'}, 'info': {'product': 'widget_1', 'bom': 'B00012-001', 'lot': '95035', 'location': 'canada/ontario/milton'}, 'config': {}, 'items': [{'name': 'TST0xxSETUP', 'result': 'PASS', 'timestamp_start': 1546281404.2, 'timestamp_end': 1546281404.28, 'measurements': [], 'fail_msg': {}}, {'name': 'TST000_Meas', 'result': 'PASS', 'timestamp_start': 1546281404.28, 'timestamp_end': 1546281405.03, 'measurements': [{'name': 'TST000_Meas.apples', 'unit': 'dB', 'min': '0.0', 'max': '10.0', 'value': '0.11043013335703', 'result': 'PASS'}, {'name': 'TST000_Meas.bananas', 'unit': 'dB', 'min': '0.0', 'max': '10.0', 'value': '2.0', 'result': 'PASS'}], 'fail_msg': {}}, {'name': 'TST001_Skip', 'result': 'PASS', 'timestamp_start': 1546281405.03, 'timestamp_end': 1546281405.55, 'measurements': [], 'fail_msg': {}}, {'name': 'TST002_Buttons', 'result': 'FAIL', 'timestamp_start': 1546281405.55, 'timestamp_end': 1546281405.55, 'measurements': [], 'fail_msg': {}}, {'name': 'TST003_KeyAdd', 'result': 'PASS', 'timestamp_start': 1546281405.55, 'timestamp_end': 1546281406.02, 'measurements': [], 'fail_msg': {}}, {'name': 'TST004_KeyGet', 'result': 'PASS', 'timestamp_start': 1546281406.02, 'timestamp_end': 1546281406.24, 'measurements': [], 'fail_msg': {}}], 'errors': [], 'html_summary': None, 'keys': {'key0': 'value:4'}}}
2018-12-31 13:36:46,238      MainThread                 tmidev.py: 136 -               TMI.TMIChanCon.0:          log_bullet() INFO  : BULLET: waiting for my_resource...
2018-12-31 13:36:46,238      MainThread       tmi_core_helpers.py:  77 -      TMI.core.tmi_core_helpers:       rsrc_lock_get() INFO  : created my_resource
2018-12-31 13:36:46,238      MainThread                 tmidev.py: 136 -               TMI.TMIChanCon.0:          log_bullet() INFO  : BULLET: my_resource is locked for 1 seconds
2018-12-31 13:36:47,238      MainThread                 tmidev.py: 136 -               TMI.TMIChanCon.0:          log_bullet() INFO  : BULLET: my_resource is free
2018-12-31 13:36:47,238      MainThread                 tmidev.py: 114 -               TMI.TMIChanCon.0:            item_end() INFO  : TST005_RsrcLock, PASS
2018-12-31 13:36:47,239      MainThread                 tmidev.py: 133 -               TMI.TMIChanCon.0:            item_end() INFO  : {'item': {'id': 'TST005_RsrcLock', 'enable': True, 'args': {'holdTime': 1}, 'timeout': 60}, 'options': {'fail_fast': False}, 'record': {'meta': {'channel': 0, 'result': 'FAIL', 'processor': 'TMIDemoRecordV1', 'operator': 'tmidev', 'ip': '127.0.0.1', 'script': 'public/station/scripts/TMIDemoRecordV1/prod_v0/prod_0.tmiscr'}, 'info': {'product': 'widget_1', 'bom': 'B00012-001', 'lot': '95035', 'location': 'canada/ontario/milton'}, 'config': {}, 'items': [{'name': 'TST0xxSETUP', 'result': 'PASS', 'timestamp_start': 1546281404.2, 'timestamp_end': 1546281404.28, 'measurements': [], 'fail_msg': {}}, {'name': 'TST000_Meas', 'result': 'PASS', 'timestamp_start': 1546281404.28, 'timestamp_end': 1546281405.03, 'measurements': [{'name': 'TST000_Meas.apples', 'unit': 'dB', 'min': '0.0', 'max': '10.0', 'value': '0.11043013335703', 'result': 'PASS'}, {'name': 'TST000_Meas.bananas', 'unit': 'dB', 'min': '0.0', 'max': '10.0', 'value': '2.0', 'result': 'PASS'}], 'fail_msg': {}}, {'name': 'TST001_Skip', 'result': 'PASS', 'timestamp_start': 1546281405.03, 'timestamp_end': 1546281405.55, 'measurements': [], 'fail_msg': {}}, {'name': 'TST002_Buttons', 'result': 'FAIL', 'timestamp_start': 1546281405.55, 'timestamp_end': 1546281405.55, 'measurements': [], 'fail_msg': {}}, {'name': 'TST003_KeyAdd', 'result': 'PASS', 'timestamp_start': 1546281405.55, 'timestamp_end': 1546281406.02, 'measurements': [], 'fail_msg': {}}, {'name': 'TST004_KeyGet', 'result': 'PASS', 'timestamp_start': 1546281406.02, 'timestamp_end': 1546281406.24, 'measurements': [], 'fail_msg': {}}, {'name': 'TST005_RsrcLock', 'result': 'PASS', 'timestamp_start': 1546281406.24, 'timestamp_end': 1546281407.24, 'measurements': [], 'fail_msg': {}}], 'errors': [], 'html_summary': None, 'keys': {'key0': 'value:4'}}}
2018-12-31 13:36:47,284      MainThread                 tmidev.py: 114 -               TMI.TMIChanCon.0:            item_end() INFO  : TST006_HWDriver, PASS
2018-12-31 13:36:47,284      MainThread                 tmidev.py: 133 -               TMI.TMIChanCon.0:            item_end() INFO  : {'item': {'id': 'TST006_HWDriver', 'enable': True}, 'options': {'fail_fast': False}, 'record': {'meta': {'channel': 0, 'result': 'FAIL', 'processor': 'TMIDemoRecordV1', 'operator': 'tmidev', 'ip': '127.0.0.1', 'script': 'public/station/scripts/TMIDemoRecordV1/prod_v0/prod_0.tmiscr'}, 'info': {'product': 'widget_1', 'bom': 'B00012-001', 'lot': '95035', 'location': 'canada/ontario/milton'}, 'config': {}, 'items': [{'name': 'TST0xxSETUP', 'result': 'PASS', 'timestamp_start': 1546281404.2, 'timestamp_end': 1546281404.28, 'measurements': [], 'fail_msg': {}}, {'name': 'TST000_Meas', 'result': 'PASS', 'timestamp_start': 1546281404.28, 'timestamp_end': 1546281405.03, 'measurements': [{'name': 'TST000_Meas.apples', 'unit': 'dB', 'min': '0.0', 'max': '10.0', 'value': '0.11043013335703', 'result': 'PASS'}, {'name': 'TST000_Meas.bananas', 'unit': 'dB', 'min': '0.0', 'max': '10.0', 'value': '2.0', 'result': 'PASS'}], 'fail_msg': {}}, {'name': 'TST001_Skip', 'result': 'PASS', 'timestamp_start': 1546281405.03, 'timestamp_end': 1546281405.55, 'measurements': [], 'fail_msg': {}}, {'name': 'TST002_Buttons', 'result': 'FAIL', 'timestamp_start': 1546281405.55, 'timestamp_end': 1546281405.55, 'measurements': [], 'fail_msg': {}}, {'name': 'TST003_KeyAdd', 'result': 'PASS', 'timestamp_start': 1546281405.55, 'timestamp_end': 1546281406.02, 'measurements': [], 'fail_msg': {}}, {'name': 'TST004_KeyGet', 'result': 'PASS', 'timestamp_start': 1546281406.02, 'timestamp_end': 1546281406.24, 'measurements': [], 'fail_msg': {}}, {'name': 'TST005_RsrcLock', 'result': 'PASS', 'timestamp_start': 1546281406.24, 'timestamp_end': 1546281407.24, 'measurements': [], 'fail_msg': {}}, {'name': 'TST006_HWDriver', 'result': 'PASS', 'timestamp_start': 1546281407.24, 'timestamp_end': 1546281407.28, 'measurements': [], 'fail_msg': {}}], 'errors': [], 'html_summary': None, 'keys': {'key0': 'value:4'}}}
2018-12-31 13:36:47,284      MainThread                 tmidev.py: 136 -               TMI.TMIChanCon.0:          log_bullet() INFO  : BULLET: Please Enter Text!
2018-12-31 13:36:47,285      MainThread          tmi_test_item.py:  50 - TMI.public.station.scripts.TMIDemoRecordV1.prod_v0.tst00xx.0:       input_textbox() INFO  : {'title': 'Enter Some Text:', 'placeholder': 'change'}
2018-12-31 13:36:47,285      MainThread                 tmidev.py: 136 -               TMI.TMIChanCon.0:          log_bullet() INFO  : BULLET: Timeout
2018-12-31 13:36:47,285      MainThread                 tmidev.py: 114 -               TMI.TMIChanCon.0:            item_end() INFO  : TST008_TextInput, FAIL
2018-12-31 13:36:47,285      MainThread                 tmidev.py: 133 -               TMI.TMIChanCon.0:            item_end() INFO  : {'item': {'id': 'TST008_TextInput', 'enable': True, 'timeout': 10}, 'options': {'fail_fast': False}, 'record': {'meta': {'channel': 0, 'result': 'FAIL', 'processor': 'TMIDemoRecordV1', 'operator': 'tmidev', 'ip': '127.0.0.1', 'script': 'public/station/scripts/TMIDemoRecordV1/prod_v0/prod_0.tmiscr'}, 'info': {'product': 'widget_1', 'bom': 'B00012-001', 'lot': '95035', 'location': 'canada/ontario/milton'}, 'config': {}, 'items': [{'name': 'TST0xxSETUP', 'result': 'PASS', 'timestamp_start': 1546281404.2, 'timestamp_end': 1546281404.28, 'measurements': [], 'fail_msg': {}}, {'name': 'TST000_Meas', 'result': 'PASS', 'timestamp_start': 1546281404.28, 'timestamp_end': 1546281405.03, 'measurements': [{'name': 'TST000_Meas.apples', 'unit': 'dB', 'min': '0.0', 'max': '10.0', 'value': '0.11043013335703', 'result': 'PASS'}, {'name': 'TST000_Meas.bananas', 'unit': 'dB', 'min': '0.0', 'max': '10.0', 'value': '2.0', 'result': 'PASS'}], 'fail_msg': {}}, {'name': 'TST001_Skip', 'result': 'PASS', 'timestamp_start': 1546281405.03, 'timestamp_end': 1546281405.55, 'measurements': [], 'fail_msg': {}}, {'name': 'TST002_Buttons', 'result': 'FAIL', 'timestamp_start': 1546281405.55, 'timestamp_end': 1546281405.55, 'measurements': [], 'fail_msg': {}}, {'name': 'TST003_KeyAdd', 'result': 'PASS', 'timestamp_start': 1546281405.55, 'timestamp_end': 1546281406.02, 'measurements': [], 'fail_msg': {}}, {'name': 'TST004_KeyGet', 'result': 'PASS', 'timestamp_start': 1546281406.02, 'timestamp_end': 1546281406.24, 'measurements': [], 'fail_msg': {}}, {'name': 'TST005_RsrcLock', 'result': 'PASS', 'timestamp_start': 1546281406.24, 'timestamp_end': 1546281407.24, 'measurements': [], 'fail_msg': {}}, {'name': 'TST006_HWDriver', 'result': 'PASS', 'timestamp_start': 1546281407.24, 'timestamp_end': 1546281407.28, 'measurements': [], 'fail_msg': {}}, {'name': 'TST008_TextInput', 'result': 'FAIL', 'timestamp_start': 1546281407.28, 'timestamp_end': 1546281407.29, 'measurements': [], 'fail_msg': {}}], 'errors': [], 'html_summary': None, 'keys': {'key0': 'value:4'}}}
2018-12-31 13:36:47,285      MainThread                 tmidev.py: 136 -               TMI.TMIChanCon.0:          log_bullet() INFO  : BULLET: Completed   0% 
2018-12-31 13:36:48,004      MainThread                 tmidev.py: 136 -               TMI.TMIChanCon.0:          log_bullet() INFO  : BULLET: Completed  10% ####
2018-12-31 13:36:48,441      MainThread                 tmidev.py: 136 -               TMI.TMIChanCon.0:          log_bullet() INFO  : BULLET: Completed  20% ########
2018-12-31 13:36:48,447      MainThread                 tmidev.py: 136 -               TMI.TMIChanCon.0:          log_bullet() INFO  : BULLET: Completed  30% ############
2018-12-31 13:36:48,896      MainThread                 tmidev.py: 136 -               TMI.TMIChanCon.0:          log_bullet() INFO  : BULLET: Completed  40% ################
2018-12-31 13:36:49,820      MainThread                 tmidev.py: 136 -               TMI.TMIChanCon.0:          log_bullet() INFO  : BULLET: Completed  50% ####################
2018-12-31 13:36:50,797      MainThread                 tmidev.py: 136 -               TMI.TMIChanCon.0:          log_bullet() INFO  : BULLET: Completed  60% ########################
2018-12-31 13:36:51,753      MainThread                 tmidev.py: 136 -               TMI.TMIChanCon.0:          log_bullet() INFO  : BULLET: Completed  70% ############################
2018-12-31 13:36:52,086      MainThread                 tmidev.py: 136 -               TMI.TMIChanCon.0:          log_bullet() INFO  : BULLET: Completed  80% ################################
2018-12-31 13:36:52,147      MainThread                 tmidev.py: 136 -               TMI.TMIChanCon.0:          log_bullet() INFO  : BULLET: Completed  90% ####################################
2018-12-31 13:36:52,237      MainThread                 tmidev.py: 136 -               TMI.TMIChanCon.0:          log_bullet() INFO  : BULLET: Completed 100% ########################################
2018-12-31 13:36:52,546      MainThread                 tmidev.py: 114 -               TMI.TMIChanCon.0:            item_end() INFO  : TST007_LogPctProgress, PASS
2018-12-31 13:36:52,546      MainThread                 tmidev.py: 133 -               TMI.TMIChanCon.0:            item_end() INFO  : {'item': {'id': 'TST007_LogPctProgress', 'enable': True, 'timeout': 15}, 'options': {'fail_fast': False}, 'record': {'meta': {'channel': 0, 'result': 'FAIL', 'processor': 'TMIDemoRecordV1', 'operator': 'tmidev', 'ip': '127.0.0.1', 'script': 'public/station/scripts/TMIDemoRecordV1/prod_v0/prod_0.tmiscr'}, 'info': {'product': 'widget_1', 'bom': 'B00012-001', 'lot': '95035', 'location': 'canada/ontario/milton'}, 'config': {}, 'items': [{'name': 'TST0xxSETUP', 'result': 'PASS', 'timestamp_start': 1546281404.2, 'timestamp_end': 1546281404.28, 'measurements': [], 'fail_msg': {}}, {'name': 'TST000_Meas', 'result': 'PASS', 'timestamp_start': 1546281404.28, 'timestamp_end': 1546281405.03, 'measurements': [{'name': 'TST000_Meas.apples', 'unit': 'dB', 'min': '0.0', 'max': '10.0', 'value': '0.11043013335703', 'result': 'PASS'}, {'name': 'TST000_Meas.bananas', 'unit': 'dB', 'min': '0.0', 'max': '10.0', 'value': '2.0', 'result': 'PASS'}], 'fail_msg': {}}, {'name': 'TST001_Skip', 'result': 'PASS', 'timestamp_start': 1546281405.03, 'timestamp_end': 1546281405.55, 'measurements': [], 'fail_msg': {}}, {'name': 'TST002_Buttons', 'result': 'FAIL', 'timestamp_start': 1546281405.55, 'timestamp_end': 1546281405.55, 'measurements': [], 'fail_msg': {}}, {'name': 'TST003_KeyAdd', 'result': 'PASS', 'timestamp_start': 1546281405.55, 'timestamp_end': 1546281406.02, 'measurements': [], 'fail_msg': {}}, {'name': 'TST004_KeyGet', 'result': 'PASS', 'timestamp_start': 1546281406.02, 'timestamp_end': 1546281406.24, 'measurements': [], 'fail_msg': {}}, {'name': 'TST005_RsrcLock', 'result': 'PASS', 'timestamp_start': 1546281406.24, 'timestamp_end': 1546281407.24, 'measurements': [], 'fail_msg': {}}, {'name': 'TST006_HWDriver', 'result': 'PASS', 'timestamp_start': 1546281407.24, 'timestamp_end': 1546281407.28, 'measurements': [], 'fail_msg': {}}, {'name': 'TST008_TextInput', 'result': 'FAIL', 'timestamp_start': 1546281407.28, 'timestamp_end': 1546281407.29, 'measurements': [], 'fail_msg': {}}, {'name': 'TST007_LogPctProgress', 'result': 'PASS', 'timestamp_start': 1546281407.29, 'timestamp_end': 1546281412.55, 'measurements': [], 'fail_msg': {}}], 'errors': [], 'html_summary': None, 'keys': {'key0': 'value:4'}}}
2018-12-31 13:36:53,280      MainThread                 tmidev.py: 114 -               TMI.TMIChanCon.0:            item_end() INFO  : TST0xxTRDN, PASS
2018-12-31 13:36:53,280      MainThread                 tmidev.py: 133 -               TMI.TMIChanCon.0:            item_end() INFO  : {'item': {'id': 'TST0xxTRDN', 'enable': True}, 'options': {'fail_fast': False}, 'record': {'meta': {'channel': 0, 'result': 'FAIL', 'processor': 'TMIDemoRecordV1', 'operator': 'tmidev', 'ip': '127.0.0.1', 'script': 'public/station/scripts/TMIDemoRecordV1/prod_v0/prod_0.tmiscr'}, 'info': {'product': 'widget_1', 'bom': 'B00012-001', 'lot': '95035', 'location': 'canada/ontario/milton'}, 'config': {}, 'items': [{'name': 'TST0xxSETUP', 'result': 'PASS', 'timestamp_start': 1546281404.2, 'timestamp_end': 1546281404.28, 'measurements': [], 'fail_msg': {}}, {'name': 'TST000_Meas', 'result': 'PASS', 'timestamp_start': 1546281404.28, 'timestamp_end': 1546281405.03, 'measurements': [{'name': 'TST000_Meas.apples', 'unit': 'dB', 'min': '0.0', 'max': '10.0', 'value': '0.11043013335703', 'result': 'PASS'}, {'name': 'TST000_Meas.bananas', 'unit': 'dB', 'min': '0.0', 'max': '10.0', 'value': '2.0', 'result': 'PASS'}], 'fail_msg': {}}, {'name': 'TST001_Skip', 'result': 'PASS', 'timestamp_start': 1546281405.03, 'timestamp_end': 1546281405.55, 'measurements': [], 'fail_msg': {}}, {'name': 'TST002_Buttons', 'result': 'FAIL', 'timestamp_start': 1546281405.55, 'timestamp_end': 1546281405.55, 'measurements': [], 'fail_msg': {}}, {'name': 'TST003_KeyAdd', 'result': 'PASS', 'timestamp_start': 1546281405.55, 'timestamp_end': 1546281406.02, 'measurements': [], 'fail_msg': {}}, {'name': 'TST004_KeyGet', 'result': 'PASS', 'timestamp_start': 1546281406.02, 'timestamp_end': 1546281406.24, 'measurements': [], 'fail_msg': {}}, {'name': 'TST005_RsrcLock', 'result': 'PASS', 'timestamp_start': 1546281406.24, 'timestamp_end': 1546281407.24, 'measurements': [], 'fail_msg': {}}, {'name': 'TST006_HWDriver', 'result': 'PASS', 'timestamp_start': 1546281407.24, 'timestamp_end': 1546281407.28, 'measurements': [], 'fail_msg': {}}, {'name': 'TST008_TextInput', 'result': 'FAIL', 'timestamp_start': 1546281407.28, 'timestamp_end': 1546281407.29, 'measurements': [], 'fail_msg': {}}, {'name': 'TST007_LogPctProgress', 'result': 'PASS', 'timestamp_start': 1546281407.29, 'timestamp_end': 1546281412.55, 'measurements': [], 'fail_msg': {}}, {'name': 'TST0xxTRDN', 'result': 'PASS', 'timestamp_start': 1546281412.55, 'timestamp_end': 1546281413.28, 'measurements': [], 'fail_msg': {}}], 'errors': [], 'html_summary': None, 'keys': {'key0': 'value:4'}}}
